<?xml version="1.0" encoding="UTF-8"?>
<!-- Generated by org.testng.reporters.JUnitXMLReporter -->
<testsuite ignored="0" hostname="QSP" failures="0" tests="5" name="Default test" time="51.859" errors="0" timestamp="2021-11-16T15:13:10 IST">
  <testcase classname="com.Educational.SkillRaryApp.Testscripts.UpdateMultipleprofile" name="tc3" time="1.358"/>
  <testcase classname="com.Educational.SkillRaryApp.Testscripts.UpdateMultipleprofile" name="tc3" time="1.194"/>
  <testcase classname="com.Educational.SkillRaryApp.Testscripts.UpdateMultipleprofile" name="tc3" time="2.59"/>
  <testcase classname="com.Educational.SkillRaryApp.Testscripts.UpdateMultipleprofile" name="tc3" time="1.885"/>
  <testcase classname="com.Educational.SkillRaryApp.Testscripts.UpdateMultipleprofile" name="tc3" time="1.836"/>
</testsuite> <!-- Default test -->
