<?xml version="1.0" encoding="UTF-8"?>
<testng-results ignored="0" total="5" passed="5" failed="0" skipped="0">
  <reporter-output>
  </reporter-output>
  <suite started-at="2021-11-16T15:12:18 IST" name="Default suite" finished-at="2021-11-16T15:13:10 IST" duration-ms="51859">
    <groups>
    </groups>
    <test started-at="2021-11-16T15:12:18 IST" name="Default test" finished-at="2021-11-16T15:13:10 IST" duration-ms="51859">
      <class name="com.Educational.SkillRaryApp.Testscripts.UpdateMultipleprofile">
        <test-method is-config="true" signature="configBS()[pri:0, instance:com.Educational.SkillRaryApp.Testscripts.UpdateMultipleprofile@26275bef]" started-at="2021-11-16T15:12:16 IST" name="configBS" finished-at="2021-11-16T15:12:18 IST" duration-ms="1815" status="PASS">
          <reporter-output>
          </reporter-output>
        </test-method> <!-- configBS -->
        <test-method is-config="true" signature="configBM()[pri:0, instance:com.Educational.SkillRaryApp.Testscripts.UpdateMultipleprofile@26275bef]" started-at="2021-11-16T15:12:20 IST" name="configBM" finished-at="2021-11-16T15:12:28 IST" duration-ms="7935" status="PASS">
          <reporter-output>
          </reporter-output>
        </test-method> <!-- configBM -->
        <test-method signature="tc3(java.lang.String, java.lang.String, java.lang.String, java.lang.String, java.lang.String, java.lang.String)[pri:0, instance:com.Educational.SkillRaryApp.Testscripts.UpdateMultipleprofile@26275bef]" started-at="2021-11-16T15:12:28 IST" name="tc3" data-provider="readData" finished-at="2021-11-16T15:12:29 IST" duration-ms="1358" status="PASS">
          <params>
            <param index="0">
              <value>
                <![CDATA[Ramesh]]>
              </value>
            </param>
            <param index="1">
              <value>
                <![CDATA[R]]>
              </value>
            </param>
            <param index="2">
              <value>
                <![CDATA[Ramesh@gmail.com]]>
              </value>
            </param>
            <param index="3">
              <value>
                <![CDATA[12343455456]]>
              </value>
            </param>
            <param index="4">
              <value>
                <![CDATA[9878765787]]>
              </value>
            </param>
            <param index="5">
              <value>
                <![CDATA[ygygfjhgjhgfjhfghf]]>
              </value>
            </param>
          </params>
          <reporter-output>
          </reporter-output>
        </test-method> <!-- tc3 -->
        <test-method is-config="true" signature="configBM()[pri:0, instance:com.Educational.SkillRaryApp.Testscripts.UpdateMultipleprofile@26275bef]" started-at="2021-11-16T15:12:29 IST" name="configBM" finished-at="2021-11-16T15:12:35 IST" duration-ms="6429" status="PASS">
          <reporter-output>
          </reporter-output>
        </test-method> <!-- configBM -->
        <test-method signature="tc3(java.lang.String, java.lang.String, java.lang.String, java.lang.String, java.lang.String, java.lang.String)[pri:0, instance:com.Educational.SkillRaryApp.Testscripts.UpdateMultipleprofile@26275bef]" started-at="2021-11-16T15:12:35 IST" name="tc3" data-provider="readData" finished-at="2021-11-16T15:12:36 IST" duration-ms="1194" status="PASS">
          <params>
            <param index="0">
              <value>
                <![CDATA[Ganesh]]>
              </value>
            </param>
            <param index="1">
              <value>
                <![CDATA[G]]>
              </value>
            </param>
            <param index="2">
              <value>
                <![CDATA[Ganesh@gmail.com]]>
              </value>
            </param>
            <param index="3">
              <value>
                <![CDATA[5656777667]]>
              </value>
            </param>
            <param index="4">
              <value>
                <![CDATA[9876543456]]>
              </value>
            </param>
            <param index="5">
              <value>
                <![CDATA[fhgsjhfghjsh]]>
              </value>
            </param>
          </params>
          <reporter-output>
          </reporter-output>
        </test-method> <!-- tc3 -->
        <test-method is-config="true" signature="configBM()[pri:0, instance:com.Educational.SkillRaryApp.Testscripts.UpdateMultipleprofile@26275bef]" started-at="2021-11-16T15:12:37 IST" name="configBM" finished-at="2021-11-16T15:12:44 IST" duration-ms="7564" status="PASS">
          <reporter-output>
          </reporter-output>
        </test-method> <!-- configBM -->
        <test-method signature="tc3(java.lang.String, java.lang.String, java.lang.String, java.lang.String, java.lang.String, java.lang.String)[pri:0, instance:com.Educational.SkillRaryApp.Testscripts.UpdateMultipleprofile@26275bef]" started-at="2021-11-16T15:12:44 IST" name="tc3" data-provider="readData" finished-at="2021-11-16T15:12:47 IST" duration-ms="2590" status="PASS">
          <params>
            <param index="0">
              <value>
                <![CDATA[Suresh]]>
              </value>
            </param>
            <param index="1">
              <value>
                <![CDATA[S]]>
              </value>
            </param>
            <param index="2">
              <value>
                <![CDATA[Suresh@gmail.com]]>
              </value>
            </param>
            <param index="3">
              <value>
                <![CDATA[7667456435]]>
              </value>
            </param>
            <param index="4">
              <value>
                <![CDATA[9876547898]]>
              </value>
            </param>
            <param index="5">
              <value>
                <![CDATA[hgjhhhfhjkf]]>
              </value>
            </param>
          </params>
          <reporter-output>
          </reporter-output>
        </test-method> <!-- tc3 -->
        <test-method is-config="true" signature="configBM()[pri:0, instance:com.Educational.SkillRaryApp.Testscripts.UpdateMultipleprofile@26275bef]" started-at="2021-11-16T15:12:47 IST" name="configBM" finished-at="2021-11-16T15:12:56 IST" duration-ms="9812" status="PASS">
          <reporter-output>
          </reporter-output>
        </test-method> <!-- configBM -->
        <test-method signature="tc3(java.lang.String, java.lang.String, java.lang.String, java.lang.String, java.lang.String, java.lang.String)[pri:0, instance:com.Educational.SkillRaryApp.Testscripts.UpdateMultipleprofile@26275bef]" started-at="2021-11-16T15:12:56 IST" name="tc3" data-provider="readData" finished-at="2021-11-16T15:12:58 IST" duration-ms="1885" status="PASS">
          <params>
            <param index="0">
              <value>
                <![CDATA[Dinesh]]>
              </value>
            </param>
            <param index="1">
              <value>
                <![CDATA[D]]>
              </value>
            </param>
            <param index="2">
              <value>
                <![CDATA[Dinesh@gmail.com]]>
              </value>
            </param>
            <param index="3">
              <value>
                <![CDATA[897876765]]>
              </value>
            </param>
            <param index="4">
              <value>
                <![CDATA[9098987890]]>
              </value>
            </param>
            <param index="5">
              <value>
                <![CDATA[jhsjghjghjsg]]>
              </value>
            </param>
          </params>
          <reporter-output>
          </reporter-output>
        </test-method> <!-- tc3 -->
        <test-method is-config="true" signature="configBM()[pri:0, instance:com.Educational.SkillRaryApp.Testscripts.UpdateMultipleprofile@26275bef]" started-at="2021-11-16T15:12:58 IST" name="configBM" finished-at="2021-11-16T15:13:08 IST" duration-ms="9769" status="PASS">
          <reporter-output>
          </reporter-output>
        </test-method> <!-- configBM -->
        <test-method signature="tc3(java.lang.String, java.lang.String, java.lang.String, java.lang.String, java.lang.String, java.lang.String)[pri:0, instance:com.Educational.SkillRaryApp.Testscripts.UpdateMultipleprofile@26275bef]" started-at="2021-11-16T15:13:08 IST" name="tc3" data-provider="readData" finished-at="2021-11-16T15:13:10 IST" duration-ms="1836" status="PASS">
          <params>
            <param index="0">
              <value>
                <![CDATA[Mahesh]]>
              </value>
            </param>
            <param index="1">
              <value>
                <![CDATA[M]]>
              </value>
            </param>
            <param index="2">
              <value>
                <![CDATA[mahesh@gmail.com]]>
              </value>
            </param>
            <param index="3">
              <value>
                <![CDATA[909897867]]>
              </value>
            </param>
            <param index="4">
              <value>
                <![CDATA[9087654567]]>
              </value>
            </param>
            <param index="5">
              <value>
                <![CDATA[hgjhggsjjsjjghsgjh]]>
              </value>
            </param>
          </params>
          <reporter-output>
          </reporter-output>
        </test-method> <!-- tc3 -->
      </class> <!-- com.Educational.SkillRaryApp.Testscripts.UpdateMultipleprofile -->
    </test> <!-- Default test -->
  </suite> <!-- Default suite -->
</testng-results>
